生成启动时间为 2019/4/25 20:25:46。
     1>项目“F:\代码鱼\yu4.21\yu4.21\yu4.21.vcxproj”在节点 2 上(Build 个目标)。
     1>ClCompile:
         E:\vs\VC\bin\CL.exe /c /ZI /nologo /W3 /WX- /sdl /Od /Oy- /D _MBCS /Gm /EHsc /RTC1 /MDd /GS /fp:precise /Zc:wchar_t /Zc:forScope /Fo"Debug\\" /Fd"Debug\vc120.pdb" /Gd /TC /analyze- /errorReport:prompt "4_23源.c"
         4_23源.c
     1>f:\代码鱼\yu4.21\yu4.21\4_23源.c(18): warning C4018: “>”: 有符号/无符号不匹配
       Link:
         E:\vs\VC\bin\link.exe /ERRORREPORT:PROMPT /OUT:"F:\代码鱼\yu4.21\Debug\yu4.21.exe" /INCREMENTAL /NOLOGO kernel32.lib user32.lib gdi32.lib winspool.lib comdlg32.lib advapi32.lib shell32.lib ole32.lib oleaut32.lib uuid.lib odbc32.lib odbccp32.lib /MANIFEST /MANIFESTUAC:"level='asInvoker' uiAccess='false'" /manifest:embed /DEBUG /PDB:"F:\代码鱼\yu4.21\Debug\yu4.21.pdb" /TLBID:1 /DYNAMICBASE /NXCOMPAT /IMPLIB:"F:\代码鱼\yu4.21\Debug\yu4.21.lib" /MACHINE:X86 "Debug\4_23源.obj"
         Debug\yuer.obj
     1>yuer.obj : error LNK2005: _main 已经在 4_23源.obj 中定义
     1>F:\代码鱼\yu4.21\Debug\yu4.21.exe : fatal error LNK1169: 找到一个或多个多重定义的符号
     1>已完成生成项目“F:\代码鱼\yu4.21\yu4.21\yu4.21.vcxproj”(Build 个目标)的操作 - 失败。

生成失败。

已用时间 00:00:00.39
