生成启动时间为 2019/6/13 15:47:52。
     1>项目“F:\代码鱼\test_6_7\test_6_7\test_6_7.vcxproj”在节点 2 上(Build 个目标)。
     1>ClCompile:
         E:\vs\VC\bin\CL.exe /c /ZI /nologo /W3 /WX- /sdl /Od /Oy- /D _MBCS /Gm /EHsc /RTC1 /MDd /GS /fp:precise /Zc:wchar_t /Zc:forScope /Fo"Debug\\" /Fd"Debug\vc120.pdb" /Gd /TC /analyze- /errorReport:prompt test.c
         test.c
     1>C:\Program Files (x86)\MSBuild\Microsoft.Cpp\v4.0\V120\Microsoft.CppCommon.targets(341,5): error MSB6006: “CL.exe”已退出，代码为 2。
     1>f:\代码鱼\test_6_7\test_6_7\test.c(37): error C2146: 语法错误: 缺少“;”(在标识符“system”的前面)
     1>已完成生成项目“F:\代码鱼\test_6_7\test_6_7\test_6_7.vcxproj”(Build 个目标)的操作 - 失败。

生成失败。

已用时间 00:00:03.47
